# JRE version: Java(TM) SE Runtime Environment (17.0.3.1+2) (build 17.0.3.1+2-LTS-6)
# Java VM: Java HotSpot(TM) 64-Bit Server VM (17.0.3.1+2-LTS-6, mixed mode, sharing, tiered, compressed oops, compressed class ptrs, g1 gc, windows-amd64)
GC Precious Log:
 CPUs: 8 total, 8 available
 Memory: 16110M
 Large Page Support: Disabled
 NUMA Support: Disabled
 Compressed Oops: Enabled (Zero based)
 Heap Region Size: 2M
 Heap Min Capacity: 8M
 Heap Initial Capacity: 252M
 Heap Max Capacity: 4028M
 Pre-touch: Disabled
 Parallel Workers: 8
 Concurrent Workers: 2
 Concurrent Refinement Workers: 8
 Periodic GC: Disabled
Heap:
 garbage-first heap   total 55296K, used 32777K [0x0000000704400000, 0x0000000800000000)
  region size 2048K, 6 young (12288K), 1 survivors (2048K)
 Metaspace       used 57518K, committed 57920K, reserved 1105920K
  class space    used 7799K, committed 8000K, reserved 1048576K
GC Heap History (20 events):
Event: 11.670 GC heap before
{Heap before GC invocations=8 (full 0):
 garbage-first heap   total 55296K, used 16838K [0x0000000704400000, 0x0000000800000000)
  region size 2048K, 3 young (6144K), 2 survivors (4096K)
 Metaspace       used 35653K, committed 35968K, reserved 1081344K
  class space    used 4813K, committed 4992K, reserved 1048576K
}
Event: 11.677 GC heap after
{Heap after GC invocations=9 (full 0):
 garbage-first heap   total 55296K, used 17050K [0x0000000704400000, 0x0000000800000000)
  region size 2048K, 1 young (2048K), 1 survivors (2048K)
 Metaspace       used 35653K, committed 35968K, reserved 1081344K
  class space    used 4813K, committed 4992K, reserved 1048576K
}
Event: 13.203 GC heap before
{Heap before GC invocations=10 (full 0):
 garbage-first heap   total 55296K, used 39578K [0x0000000704400000, 0x0000000800000000)
  region size 2048K, 12 young (24576K), 1 survivors (2048K)
 Metaspace       used 41378K, committed 41664K, reserved 1089536K
  class space    used 5563K, committed 5696K, reserved 1048576K
}
Event: 13.211 GC heap after
{Heap after GC invocations=11 (full 0):
 garbage-first heap   total 55296K, used 18802K [0x0000000704400000, 0x0000000800000000)
  region size 2048K, 2 young (4096K), 2 survivors (4096K)
 Metaspace       used 41378K, committed 41664K, reserved 1089536K
  class space    used 5563K, committed 5696K, reserved 1048576K
}
Event: 13.302 GC heap before
{Heap before GC invocations=11 (full 0):
 garbage-first heap   total 55296K, used 20850K [0x0000000704400000, 0x0000000800000000)
  region size 2048K, 3 young (6144K), 2 survivors (4096K)
 Metaspace       used 41737K, committed 42048K, reserved 1089536K
  class space    used 5622K, committed 5760K, reserved 1048576K
}
Event: 13.313 GC heap after
{Heap after GC invocations=12 (full 0):
 garbage-first heap   total 55296K, used 18791K [0x0000000704400000, 0x0000000800000000)
  region size 2048K, 1 young (2048K), 1 survivors (2048K)
 Metaspace       used 41737K, committed 42048K, reserved 1089536K
  class space    used 5622K, committed 5760K, reserved 1048576K
}
Event: 14.558 GC heap before
{Heap before GC invocations=12 (full 0):
 garbage-first heap   total 55296K, used 39271K [0x0000000704400000, 0x0000000800000000)
  region size 2048K, 11 young (22528K), 1 survivors (2048K)
 Metaspace       used 46577K, committed 46912K, reserved 1097728K
  class space    used 6384K, committed 6528K, reserved 1048576K
}
Event: 14.563 GC heap after
{Heap after GC invocations=13 (full 0):
 garbage-first heap   total 55296K, used 19819K [0x0000000704400000, 0x0000000800000000)
  region size 2048K, 1 young (2048K), 1 survivors (2048K)
 Metaspace       used 46577K, committed 46912K, reserved 1097728K
  class space    used 6384K, committed 6528K, reserved 1048576K
}
Event: 16.530 GC heap before
{Heap before GC invocations=13 (full 0):
 garbage-first heap   total 55296K, used 42347K [0x0000000704400000, 0x0000000800000000)
  region size 2048K, 12 young (24576K), 1 survivors (2048K)
 Metaspace       used 49783K, committed 50176K, reserved 1097728K
  class space    used 6835K, committed 7040K, reserved 1048576K
}
Event: 16.536 GC heap after
{Heap after GC invocations=14 (full 0):
 garbage-first heap   total 55296K, used 20995K [0x0000000704400000, 0x0000000800000000)
  region size 2048K, 2 young (4096K), 2 survivors (4096K)
 Metaspace       used 49783K, committed 50176K, reserved 1097728K
  class space    used 6835K, committed 7040K, reserved 1048576K
}
Event: 17.791 GC heap before
{Heap before GC invocations=14 (full 0):
 garbage-first heap   total 55296K, used 41475K [0x0000000704400000, 0x0000000800000000)
  region size 2048K, 12 young (24576K), 2 survivors (4096K)
 Metaspace       used 52015K, committed 52416K, reserved 1097728K
  class space    used 7134K, committed 7296K, reserved 1048576K
}
Event: 17.797 GC heap after
{Heap after GC invocations=15 (full 0):
 garbage-first heap   total 55296K, used 22926K [0x0000000704400000, 0x0000000800000000)
  region size 2048K, 2 young (4096K), 2 survivors (4096K)
 Metaspace       used 52015K, committed 52416K, reserved 1097728K
  class space    used 7134K, committed 7296K, reserved 1048576K
}
Event: 30.675 GC heap before
{Heap before GC invocations=15 (full 0):
 garbage-first heap   total 55296K, used 41358K [0x0000000704400000, 0x0000000800000000)
  region size 2048K, 11 young (22528K), 2 survivors (4096K)
 Metaspace       used 55373K, committed 55744K, reserved 1097728K
  class space    used 7566K, committed 7744K, reserved 1048576K
}
Event: 30.682 GC heap after
{Heap after GC invocations=16 (full 0):
 garbage-first heap   total 55296K, used 24259K [0x0000000704400000, 0x0000000800000000)
  region size 2048K, 2 young (4096K), 2 survivors (4096K)
 Metaspace       used 55373K, committed 55744K, reserved 1097728K
  class space    used 7566K, committed 7744K, reserved 1048576K
}
Event: 313.772 GC heap before
{Heap before GC invocations=16 (full 0):
 garbage-first heap   total 55296K, used 40643K [0x0000000704400000, 0x0000000800000000)
  region size 2048K, 10 young (20480K), 2 survivors (4096K)
 Metaspace       used 57472K, committed 57856K, reserved 1105920K
  class space    used 7799K, committed 8000K, reserved 1048576K
}
Event: 313.847 GC heap after
{Heap after GC invocations=17 (full 0):
 garbage-first heap   total 55296K, used 24664K [0x0000000704400000, 0x0000000800000000)
  region size 2048K, 1 young (2048K), 1 survivors (2048K)
 Metaspace       used 57472K, committed 57856K, reserved 1105920K
  class space    used 7799K, committed 8000K, reserved 1048576K
}
Event: 894.856 GC heap before
{Heap before GC invocations=17 (full 0):
 garbage-first heap   total 55296K, used 43096K [0x0000000704400000, 0x0000000800000000)
  region size 2048K, 10 young (20480K), 1 survivors (2048K)
 Metaspace       used 57502K, committed 57856K, reserved 1105920K
  class space    used 7799K, committed 8000K, reserved 1048576K
}
Event: 894.912 GC heap after
{Heap after GC invocations=18 (full 0):
 garbage-first heap   total 55296K, used 24637K [0x0000000704400000, 0x0000000800000000)
  region size 2048K, 1 young (2048K), 1 survivors (2048K)
 Metaspace       used 57502K, committed 57856K, reserved 1105920K
  class space    used 7799K, committed 8000K, reserved 1048576K
}
Event: 1480.789 GC heap before
{Heap before GC invocations=18 (full 0):
 garbage-first heap   total 55296K, used 43069K [0x0000000704400000, 0x0000000800000000)
  region size 2048K, 10 young (20480K), 1 survivors (2048K)
 Metaspace       used 57515K, committed 57920K, reserved 1105920K
  class space    used 7799K, committed 8000K, reserved 1048576K
}
Event: 1480.847 GC heap after
{Heap after GC invocations=19 (full 0):
 garbage-first heap   total 55296K, used 24585K [0x0000000704400000, 0x0000000800000000)
  region size 2048K, 1 young (2048K), 1 survivors (2048K)
 Metaspace       used 57515K, committed 57920K, reserved 1105920K
  class space    used 7799K, committed 8000K, reserved 1048576K
}

